2025-04-17 19:13:11,243 [INFO] Activator:176 - 


2025-04-17 19:13:11,244 [INFO] Activator:177 - !SESSION log4j initialized
2025-04-17 19:13:14,960 [INFO] LogOutputStream:77 - [STDOUT_REDIRECT] 
2025-04-17 19:13:18,549 [INFO] ApplicationProperties:184 - Using Application install path: C:\ST\STM32CubeIDE_1.18.0\STM32CubeIDE\plugins\com.st.stm32cube.common.mx_6.14.0.202502271554
2025-04-17 19:13:18,572 [INFO] DbMcusXml:78 - Set database path to: C:\ST\STM32CubeIDE_1.18.0\STM32CubeIDE\plugins\com.st.stm32cube.common.mx_6.14.0.202502271554\\db\/mcu/
2025-04-17 19:13:18,573 [INFO] ApiDb:274 - Set plugin database path to: C:\ST\STM32CubeIDE_1.18.0\STM32CubeIDE\plugins\com.st.stm32cube.common.mx_6.14.0.202502271554\\db\/plugins/boardmanager/
2025-04-17 19:13:18,573 [WARN] ApiDb:259 - Overriding images path with different value:  => C:\ST\STM32CubeIDE_1.18.0\STM32CubeIDE\plugins\com.st.stm32cube.common.mx_6.14.0.202502271554\\db\/plugins/mcufinder/images/
2025-04-17 19:13:18,585 [INFO] ApiDb:250 - Set database path to: C:\Users\sonwn\.stmcufinder\plugins\mcufinder//mcu/
2025-04-17 19:13:18,587 [INFO] DbMcusAds:125 - Set database path to: C:\Users\sonwn\.stmcufinder\plugins\mcufinder//mcu/
2025-04-17 19:13:18,590 [INFO] CrossReferenceDbSqlite:203 - Set database path to: C:\Users\sonwn\.stmcufinder\plugins\mcufinder//mcu/cs/
2025-04-17 19:13:18,742 [INFO] RulesReader:64 - Compatibility file has been processed (301 Rules)
2025-04-17 19:13:18,862 [INFO] DbMcusXml:78 - Set database path to: C:\ST\STM32CubeIDE_1.18.0\STM32CubeIDE\plugins\com.st.stm32cube.common.mx_6.14.0.202502271554\\db\/mcu/
2025-04-17 19:13:18,862 [INFO] ApiDb:274 - Set plugin database path to: C:\ST\STM32CubeIDE_1.18.0\STM32CubeIDE\plugins\com.st.stm32cube.common.mx_6.14.0.202502271554\\db\/plugins/boardmanager/
2025-04-17 19:13:18,863 [INFO] ApiDb:261 - Set plugin images path to: C:\ST\STM32CubeIDE_1.18.0\STM32CubeIDE\plugins\com.st.stm32cube.common.mx_6.14.0.202502271554\\db\/plugins/mcufinder/images/
2025-04-17 19:13:18,863 [WARN] DbFile:41 - Overriding database path with different value: C:\Users\sonwn\.stmcufinder\plugins\mcufinder/ => C:\Users\sonwn\.stmcufinder\plugins\mcufinder
2025-04-17 19:13:18,863 [INFO] ApiDb:250 - Set database path to: C:\Users\sonwn\.stmcufinder\plugins\mcufinder//mcu/
2025-04-17 19:13:18,863 [WARN] DbFile:41 - Overriding database path with different value: C:\Users\sonwn\.stmcufinder\plugins\mcufinder/ => C:\Users\sonwn\.stmcufinder\plugins\mcufinder
2025-04-17 19:13:18,863 [INFO] DbMcusAds:125 - Set database path to: C:\Users\sonwn\.stmcufinder\plugins\mcufinder//mcu/
2025-04-17 19:13:18,863 [WARN] DbFile:41 - Overriding database path with different value: C:\Users\sonwn\.stmcufinder\plugins\mcufinder/ => C:\Users\sonwn\.stmcufinder\plugins\mcufinder
2025-04-17 19:13:18,863 [WARN] DbFile:41 - Overriding database path with different value: C:\Users\sonwn\.stmcufinder\plugins\mcufinder/ => C:\Users\sonwn\.stmcufinder\plugins\mcufinder
2025-04-17 19:13:18,863 [INFO] CrossReferenceDbSqlite:203 - Set database path to: C:\Users\sonwn\.stmcufinder\plugins\mcufinder//mcu/cs/
2025-04-17 19:13:18,973 [INFO] MainPanel:272 - HeapMemory: 268435456
2025-04-17 19:13:19,108 [INFO] DbMcusXml:78 - Set database path to: C:\ST\STM32CubeIDE_1.18.0\STM32CubeIDE\plugins\com.st.stm32cube.common.mx_6.14.0.202502271554\\db\/mcu/
2025-04-17 19:13:19,108 [INFO] ApiDb:274 - Set plugin database path to: C:\ST\STM32CubeIDE_1.18.0\STM32CubeIDE\plugins\com.st.stm32cube.common.mx_6.14.0.202502271554\\db\/plugins/boardmanager/
2025-04-17 19:13:19,108 [INFO] ApiDb:261 - Set plugin images path to: C:\ST\STM32CubeIDE_1.18.0\STM32CubeIDE\plugins\com.st.stm32cube.common.mx_6.14.0.202502271554\\db\/plugins/mcufinder/images/
2025-04-17 19:13:19,109 [WARN] DbFile:41 - Overriding database path with different value: C:\Users\sonwn\.stmcufinder\plugins\mcufinder/ => C:\Users\sonwn\.stmcufinder\plugins\mcufinder
2025-04-17 19:13:19,109 [INFO] ApiDb:250 - Set database path to: C:\Users\sonwn\.stmcufinder\plugins\mcufinder//mcu/
2025-04-17 19:13:19,109 [WARN] DbFile:41 - Overriding database path with different value: C:\Users\sonwn\.stmcufinder\plugins\mcufinder/ => C:\Users\sonwn\.stmcufinder\plugins\mcufinder
2025-04-17 19:13:19,109 [INFO] DbMcusAds:125 - Set database path to: C:\Users\sonwn\.stmcufinder\plugins\mcufinder//mcu/
2025-04-17 19:13:19,109 [WARN] DbFile:41 - Overriding database path with different value: C:\Users\sonwn\.stmcufinder\plugins\mcufinder/ => C:\Users\sonwn\.stmcufinder\plugins\mcufinder
2025-04-17 19:13:19,109 [WARN] DbFile:41 - Overriding database path with different value: C:\Users\sonwn\.stmcufinder\plugins\mcufinder/ => C:\Users\sonwn\.stmcufinder\plugins\mcufinder
2025-04-17 19:13:19,109 [INFO] CrossReferenceDbSqlite:203 - Set database path to: C:\Users\sonwn\.stmcufinder\plugins\mcufinder//mcu/cs/
2025-04-17 19:13:19,135 [INFO] ApplicationProperties:184 - Using Application install path: C:\ST\STM32CubeIDE_1.18.0\STM32CubeIDE\plugins\com.st.stm32cube.common.mx_6.14.0.202502271554
2025-04-17 19:13:19,137 [INFO] PluginManage:196 - Search for loadable plugins [exclusion list=, ]
2025-04-17 19:13:19,138 [INFO] PluginManage:310 - Check plugin analytics
2025-04-17 19:13:19,378 [INFO] AnalyticsPlugin:253 - Accepted Software Licenses: 
2025-04-17 19:13:19,379 [INFO] AnalyticsPlugin:255 - Accepted CMSIS Pack Licenses: 
2025-04-17 19:13:19,379 [INFO] AnalyticsPlugin:257 - Accepted Firmware Licenses: FW.F4.1.28.0
2025-04-17 19:13:19,413 [INFO] PluginManage:359 - Loaded plugin analytics (category:tool,tabindex:-1)
2025-04-17 19:13:19,413 [INFO] PluginManage:310 - Check plugin cadmodel
2025-04-17 19:13:19,444 [INFO] CADModel:105 - Init CAD model plugin
2025-04-17 19:13:19,444 [INFO] PluginManage:359 - Loaded plugin cadmodel (category:power,tabindex:5)
2025-04-17 19:13:19,444 [INFO] PluginManage:310 - Check plugin clock
2025-04-17 19:13:19,467 [INFO] PluginManage:359 - Loaded plugin clock (category:base,tabindex:2)
2025-04-17 19:13:19,467 [INFO] PluginManage:310 - Check plugin ddr
2025-04-17 19:13:19,471 [INFO] PluginManage:359 - Loaded plugin ddr (category:tool,tabindex:6)
2025-04-17 19:13:19,471 [INFO] PluginManage:310 - Check plugin filemanager
2025-04-17 19:13:19,667 [INFO] PluginManage:359 - Loaded plugin filemanager (category:base,tabindex:10)
2025-04-17 19:13:19,667 [INFO] PluginManage:310 - Check plugin ipmanager
2025-04-17 19:13:19,678 [INFO] PluginManage:359 - Loaded plugin ipmanager (category:base,tabindex:5)
2025-04-17 19:13:19,678 [INFO] PluginManage:310 - Check plugin lpbam
2025-04-17 19:13:19,694 [INFO] PluginManage:359 - Loaded plugin lpbam (category:base,tabindex:0)
2025-04-17 19:13:19,694 [INFO] PluginManage:310 - Check plugin memorymap
2025-04-17 19:13:19,719 [INFO] PluginManage:359 - Loaded plugin memorymap (category:base,tabindex:4)
2025-04-17 19:13:19,720 [INFO] PluginManage:310 - Check plugin pinoutandconfiguration
2025-04-17 19:13:19,741 [INFO] PluginManage:359 - Loaded plugin pinoutandconfiguration (category:base,tabindex:1)
2025-04-17 19:13:19,741 [INFO] PluginManage:310 - Check plugin pinoutconfig
2025-04-17 19:13:19,844 [WARN] SupportedApi:132 - Cannot load RTOS API schema: s4s-elt-must-match.1: The content of 'definitions' must match (annotation?, (simpleType | complexType)?, (unique | key | keyref)*)). A problem was found starting at: attribute.
2025-04-17 19:13:19,988 [INFO] PluginManage:359 - Loaded plugin pinoutconfig (category:base,tabindex:0)
2025-04-17 19:13:19,989 [INFO] PluginManage:310 - Check plugin power
2025-04-17 19:13:20,018 [INFO] PluginManage:359 - Loaded plugin power (category:power,tabindex:4)
2025-04-17 19:13:20,018 [INFO] PluginManage:310 - Check plugin projectmanager
2025-04-17 19:13:20,034 [INFO] PluginManage:359 - Loaded plugin projectmanager (category:projectmanager,tabindex:4)
2025-04-17 19:13:20,034 [INFO] PluginManage:310 - Check plugin rif
2025-04-17 19:13:20,057 [INFO] PluginManage:359 - Loaded plugin rif (category:base,tabindex:3)
2025-04-17 19:13:20,058 [INFO] PluginManage:310 - Check plugin thirdparty
2025-04-17 19:13:20,266 [WARN] IntegrityCheckThread:84 - waiting for thirdparty lock release [integrity check]
2025-04-17 19:13:20,266 [INFO] IntegrityCheckThread:86 - entering critical section [integrity check]
2025-04-17 19:13:20,267 [INFO] ThirdPartyUpdaterWithRetryManager:70 - Updater plugin not ready yet. [1/15]
2025-04-17 19:13:20,265 [INFO] PluginManage:359 - Loaded plugin thirdparty (category:base,tabindex:-1)
2025-04-17 19:13:20,267 [INFO] PluginManage:310 - Check plugin tools
2025-04-17 19:13:20,276 [INFO] PluginManage:359 - Loaded plugin tools (category:base,tabindex:7)
2025-04-17 19:13:20,276 [INFO] PluginManage:310 - Check plugin tutovideos
2025-04-17 19:13:20,466 [INFO] PluginManage:359 - Loaded plugin tutovideos (category:base,tabindex:-1)
2025-04-17 19:13:20,467 [INFO] PluginManage:310 - Check plugin updater
2025-04-17 19:13:20,491 [INFO] PluginManage:359 - Loaded plugin updater (category:base,tabindex:12)
2025-04-17 19:13:20,491 [INFO] PluginManage:310 - Check plugin userauth
2025-04-17 19:13:20,496 [INFO] UserAuth:118 - Init User Auth plugin
2025-04-17 19:13:20,496 [INFO] PluginManage:359 - Loaded plugin userauth (category:base,tabindex:14)
2025-04-17 19:13:20,497 [INFO] PluginManage:283 - PluginManage : Loaded plugins [18]
2025-04-17 19:13:20,729 [INFO] PinOutPanel:1589 - setPackage(No Configuration,No Configuration)
2025-04-17 19:13:20,835 [INFO] CADModel:165 - CPN selected for project level
2025-04-17 19:13:20,835 [INFO] CADModel:114 - Register for checkConnection events
2025-04-17 19:13:20,861 [INFO] IPUIPlugin:80 - create IPUIPlugin
2025-04-17 19:13:20,861 [INFO] PluginManager:220 - loadIPPluginJar : add adc
2025-04-17 19:13:20,869 [INFO] IPUIPlugin:80 - create IPUIPlugin
2025-04-17 19:13:20,870 [INFO] PluginManager:220 - loadIPPluginJar : add aes
2025-04-17 19:13:20,881 [INFO] IPUIPlugin:80 - create IPUIPlugin
2025-04-17 19:13:20,881 [INFO] PluginManager:220 - loadIPPluginJar : add can
2025-04-17 19:13:20,886 [INFO] IPUIPlugin:80 - create IPUIPlugin
2025-04-17 19:13:20,887 [INFO] PluginManager:220 - loadIPPluginJar : add comp
2025-04-17 19:13:20,897 [INFO] IPUIPlugin:80 - create IPUIPlugin
2025-04-17 19:13:20,897 [INFO] PluginManager:220 - loadIPPluginJar : add cryp
2025-04-17 19:13:20,915 [INFO] IPUIPlugin:80 - create IPUIPlugin
2025-04-17 19:13:20,916 [INFO] PluginManager:220 - loadIPPluginJar : add ddr_ctrl_phy
2025-04-17 19:13:20,924 [INFO] IPUIPlugin:80 - create IPUIPlugin
2025-04-17 19:13:20,924 [INFO] PluginManager:220 - loadIPPluginJar : add dfsdm
2025-04-17 19:13:20,937 [INFO] IPUIPlugin:80 - create IPUIPlugin
2025-04-17 19:13:20,937 [INFO] PluginManager:220 - loadIPPluginJar : add dma
2025-04-17 19:13:20,944 [INFO] IPUIPlugin:80 - create IPUIPlugin
2025-04-17 19:13:20,944 [INFO] PluginManager:220 - loadIPPluginJar : add dma3
2025-04-17 19:13:20,957 [INFO] IPUIPlugin:80 - create IPUIPlugin
2025-04-17 19:13:20,958 [INFO] PluginManager:220 - loadIPPluginJar : add extmemmanager
2025-04-17 19:13:20,962 [INFO] IPUIPlugin:80 - create IPUIPlugin
2025-04-17 19:13:20,962 [INFO] PluginManager:220 - loadIPPluginJar : add fatfs
2025-04-17 19:13:20,975 [INFO] IPUIPlugin:80 - create IPUIPlugin
2025-04-17 19:13:20,975 [INFO] PluginManager:220 - loadIPPluginJar : add fmc
2025-04-17 19:13:20,993 [INFO] IPUIPlugin:80 - create IPUIPlugin
2025-04-17 19:13:20,993 [INFO] PluginManager:220 - loadIPPluginJar : add freertos
2025-04-17 19:13:20,998 [INFO] IPUIPlugin:80 - create IPUIPlugin
2025-04-17 19:13:20,998 [INFO] PluginManager:220 - loadIPPluginJar : add genericplugin
2025-04-17 19:13:21,006 [INFO] IPUIPlugin:80 - create IPUIPlugin
2025-04-17 19:13:21,006 [INFO] PluginManager:220 - loadIPPluginJar : add gfxmmu
2025-04-17 19:13:21,018 [INFO] IPUIPlugin:80 - create IPUIPlugin
2025-04-17 19:13:21,018 [INFO] PluginManager:220 - loadIPPluginJar : add gic
2025-04-17 19:13:21,031 [INFO] IPUIPlugin:80 - create IPUIPlugin
2025-04-17 19:13:21,031 [INFO] PluginManager:220 - loadIPPluginJar : add gpio
2025-04-17 19:13:21,043 [INFO] IPUIPlugin:80 - create IPUIPlugin
2025-04-17 19:13:21,043 [INFO] PluginManager:220 - loadIPPluginJar : add gtzc
2025-04-17 19:13:21,050 [INFO] IPUIPlugin:80 - create IPUIPlugin
2025-04-17 19:13:21,050 [INFO] PluginManager:220 - loadIPPluginJar : add hash
2025-04-17 19:13:21,061 [INFO] IPUIPlugin:80 - create IPUIPlugin
2025-04-17 19:13:21,061 [INFO] PluginManager:220 - loadIPPluginJar : add i2c
2025-04-17 19:13:21,074 [INFO] IPUIPlugin:80 - create IPUIPlugin
2025-04-17 19:13:21,074 [INFO] PluginManager:220 - loadIPPluginJar : add i2s
2025-04-17 19:13:21,083 [INFO] IPUIPlugin:80 - create IPUIPlugin
2025-04-17 19:13:21,083 [INFO] PluginManager:220 - loadIPPluginJar : add i3c
2025-04-17 19:13:21,095 [INFO] IPUIPlugin:80 - create IPUIPlugin
2025-04-17 19:13:21,095 [INFO] PluginManager:220 - loadIPPluginJar : add ipddr
2025-04-17 19:13:21,107 [INFO] IPUIPlugin:80 - create IPUIPlugin
2025-04-17 19:13:21,108 [INFO] PluginManager:220 - loadIPPluginJar : add linkedlist
2025-04-17 19:13:21,115 [INFO] IPUIPlugin:80 - create IPUIPlugin
2025-04-17 19:13:21,115 [INFO] PluginManager:220 - loadIPPluginJar : add lorawan
2025-04-17 19:13:21,125 [INFO] IPUIPlugin:80 - create IPUIPlugin
2025-04-17 19:13:21,125 [INFO] PluginManager:220 - loadIPPluginJar : add ltdc
2025-04-17 19:13:21,140 [INFO] IPUIPlugin:80 - create IPUIPlugin
2025-04-17 19:13:21,140 [INFO] PluginManager:220 - loadIPPluginJar : add mdma
2025-04-17 19:13:21,150 [INFO] IPUIPlugin:80 - create IPUIPlugin
2025-04-17 19:13:21,150 [INFO] PluginManager:220 - loadIPPluginJar : add nvic
2025-04-17 19:13:21,158 [INFO] IPUIPlugin:80 - create IPUIPlugin
2025-04-17 19:13:21,158 [INFO] PluginManager:220 - loadIPPluginJar : add opamp
2025-04-17 19:13:21,168 [INFO] IPUIPlugin:80 - create IPUIPlugin
2025-04-17 19:13:21,168 [INFO] PluginManager:220 - loadIPPluginJar : add openamp
2025-04-17 19:13:21,176 [INFO] IPUIPlugin:80 - create IPUIPlugin
2025-04-17 19:13:21,176 [INFO] PluginManager:220 - loadIPPluginJar : add pdm2pcm
2025-04-17 19:13:21,190 [INFO] IPUIPlugin:80 - create IPUIPlugin
2025-04-17 19:13:21,191 [INFO] PluginManager:220 - loadIPPluginJar : add plateformsettings
2025-04-17 19:13:21,196 [INFO] IPUIPlugin:80 - create IPUIPlugin
2025-04-17 19:13:21,196 [INFO] PluginManager:220 - loadIPPluginJar : add quadspi
2025-04-17 19:13:21,201 [INFO] IPUIPlugin:80 - create IPUIPlugin
2025-04-17 19:13:21,202 [INFO] PluginManager:220 - loadIPPluginJar : add radio
2025-04-17 19:13:21,217 [INFO] IPUIPlugin:80 - create IPUIPlugin
2025-04-17 19:13:21,217 [INFO] PluginManager:220 - loadIPPluginJar : add resmgrutility
2025-04-17 19:13:21,228 [INFO] IPUIPlugin:80 - create IPUIPlugin
2025-04-17 19:13:21,228 [INFO] PluginManager:220 - loadIPPluginJar : add sai
2025-04-17 19:13:21,237 [INFO] IPUIPlugin:80 - create IPUIPlugin
2025-04-17 19:13:21,237 [INFO] PluginManager:220 - loadIPPluginJar : add spi
2025-04-17 19:13:21,253 [INFO] IPUIPlugin:80 - create IPUIPlugin
2025-04-17 19:13:21,253 [INFO] PluginManager:220 - loadIPPluginJar : add stm32_wpan
2025-04-17 19:13:21,258 [INFO] IPUIPlugin:80 - create IPUIPlugin
2025-04-17 19:13:21,258 [INFO] PluginManager:220 - loadIPPluginJar : add tim
2025-04-17 19:13:21,270 [INFO] IPUIPlugin:80 - create IPUIPlugin
2025-04-17 19:13:21,270 [INFO] PluginManager:220 - loadIPPluginJar : add touchsensing
2025-04-17 19:13:21,277 [INFO] IPUIPlugin:80 - create IPUIPlugin
2025-04-17 19:13:21,277 [INFO] PluginManager:220 - loadIPPluginJar : add tracer_emb
2025-04-17 19:13:21,282 [INFO] IPUIPlugin:80 - create IPUIPlugin
2025-04-17 19:13:21,282 [INFO] PluginManager:220 - loadIPPluginJar : add ts
2025-04-17 19:13:21,287 [INFO] IPUIPlugin:80 - create IPUIPlugin
2025-04-17 19:13:21,287 [INFO] PluginManager:220 - loadIPPluginJar : add tsc
2025-04-17 19:13:21,294 [INFO] IPUIPlugin:80 - create IPUIPlugin
2025-04-17 19:13:21,295 [INFO] PluginManager:220 - loadIPPluginJar : add ucpd
2025-04-17 19:13:21,306 [INFO] IPUIPlugin:80 - create IPUIPlugin
2025-04-17 19:13:21,306 [INFO] PluginManager:220 - loadIPPluginJar : add usart
2025-04-17 19:13:21,318 [INFO] IPUIPlugin:80 - create IPUIPlugin
2025-04-17 19:13:21,318 [INFO] PluginManager:220 - loadIPPluginJar : add usbx
2025-04-17 19:13:21,463 [FATAL] Updater:351 - Updater called before beeing initialized
2025-04-17 19:13:21,494 [INFO] RulesReader:64 - Compatibility file has been processed (301 Rules)
2025-04-17 19:13:21,508 [INFO] RulesReader:64 - Compatibility file has been processed (301 Rules)
2025-04-17 19:13:21,516 [INFO] CADModel:165 - CPN selected for project level
2025-04-17 19:13:21,516 [INFO] CADModel:114 - Register for checkConnection events
2025-04-17 19:13:21,516 [FATAL] Updater:351 - Updater called before beeing initialized
2025-04-17 19:13:21,516 [ERROR] CADModel:125 - Updater not yet initialized, retry later 
2025-04-17 19:13:21,692 [FATAL] Updater:351 - Updater called before beeing initialized
2025-04-17 19:13:21,694 [INFO] CADModel:165 - CPN selected for project level
2025-04-17 19:13:21,694 [INFO] CADModel:114 - Register for checkConnection events
2025-04-17 19:13:21,694 [FATAL] Updater:351 - Updater called before beeing initialized
2025-04-17 19:13:21,695 [ERROR] CADModel:125 - Updater not yet initialized, retry later 
2025-04-17 19:13:21,697 [FATAL] Updater:351 - Updater called before beeing initialized
2025-04-17 19:13:21,817 [FATAL] Updater:351 - Updater called before beeing initialized
2025-04-17 19:13:21,823 [INFO] DbMcusAds:53 - JSON generation date=Thu Mar 06 23:54:22 KST 2025 (1741272862078)
2025-04-17 19:13:21,823 [FATAL] Updater:351 - Updater called before beeing initialized
2025-04-17 19:13:21,863 [WARN] DetailPanel:346 - Failed to get advertising image, set to default
2025-04-17 19:13:22,125 [FATAL] Updater:351 - Updater called before beeing initialized
2025-04-17 19:13:22,127 [FATAL] Updater:351 - Updater called before beeing initialized
2025-04-17 19:13:22,127 [FATAL] Updater:351 - Updater called before beeing initialized
2025-04-17 19:13:22,127 [WARN] DetailPanel:346 - Failed to get advertising image, set to default
2025-04-17 19:13:22,128 [FATAL] Updater:351 - Updater called before beeing initialized
2025-04-17 19:13:22,182 [ERROR] Updater:1198 - MainUpdater not yet initialized. External WinMGr cannot be set.
2025-04-17 19:13:22,186 [INFO] Updater:1134 - Updater Version found : 6.14.0
2025-04-17 19:13:22,204 [INFO] ApplicationProperties:184 - Using Application install path: C:\ST\STM32CubeIDE_1.18.0\STM32CubeIDE\plugins\com.st.stm32cube.common.mx_6.14.0.202502271554
2025-04-17 19:13:23,268 [INFO] ThirdPartyUpdaterWithRetryManager:70 - Updater plugin not ready yet. [2/15]
2025-04-17 19:13:23,780 [ERROR] LogOutputStream:75 - [STDERR_REDIRECT] Apr 17, 2025 7:13:23 PM java.util.prefs.WindowsPreferences <init>
2025-04-17 19:13:23,782 [ERROR] LogOutputStream:75 - [STDERR_REDIRECT] WARNING: Could not open/create prefs root node Software\JavaSoft\Prefs at root 0xffffffff80000002. Windows RegCreateKeyEx(...) returned error code 5.
2025-04-17 19:13:23,782 [ERROR] LogOutputStream:75 - [STDERR_REDIRECT] 
2025-04-17 19:13:24,511 [INFO] MainUpdater:2872 - connection check result : 10
2025-04-17 19:13:24,512 [INFO] MainUpdater:289 - Updater Check For Update Now.
2025-04-17 19:13:24,512 [INFO] MicroXplorer:498 - Change Database Version : DB.6.0.140
2025-04-17 19:13:24,524 [INFO] McuFinderGlobals:63 - Set McuFinder mode to 2 (CubeIDE integrated)
2025-04-17 19:13:24,524 [INFO] UserAuth:171 - activating auth plugin
2025-04-17 19:13:24,529 [INFO] UserAuth:486 - Internet connection configuration mode: 1
2025-04-17 19:13:24,564 [INFO] JxBrowserEngine:152 - Initiate JxBrowser Engine with user profile folder
2025-04-17 19:13:24,745 [INFO] CheckServerUpdateThread:120 - End of CheckServer Thread
2025-04-17 19:13:26,167 [INFO] WebApp:169 - Instantiating new browser for Auth
2025-04-17 19:13:26,731 [WARN] PackLoader:240 - Cannot read IP mode file for STMicroelectronics.FP-SNS-MOTENVWB1.1.4.0
2025-04-17 19:13:26,751 [WARN] PackLoader:240 - Cannot read IP mode file for STMicroelectronics.FP-ATR-ASTRA1.2.0.2
2025-04-17 19:13:26,772 [WARN] PackLoader:240 - Cannot read IP mode file for STMicroelectronics.X-CUBE-SMBUS.2.1.0
2025-04-17 19:13:26,802 [WARN] PackLoader:240 - Cannot read IP mode file for STMicroelectronics.X-CUBE-WB05N.1.1.0
2025-04-17 19:13:26,857 [WARN] PackLoader:240 - Cannot read IP mode file for STMicroelectronics.X-CUBE-AZRTOS-F7.1.1.0
2025-04-17 19:13:26,928 [WARN] PackLoader:240 - Cannot read IP mode file for Infineon.AIROC-Wi-Fi-Bluetooth-STM32.1.7.0
2025-04-17 19:13:26,956 [WARN] PackLoader:240 - Cannot read IP mode file for STMicroelectronics.X-CUBE-DISPLAY.3.0.0
2025-04-17 19:13:26,991 [WARN] PackLoader:240 - Cannot read IP mode file for STMicroelectronics.X-CUBE-NFC10.1.0.0
2025-04-17 19:13:27,012 [WARN] PackLoader:240 - Cannot read IP mode file for STMicroelectronics.X-CUBE-BLEMGR.4.0.0
2025-04-17 19:13:27,030 [WARN] PackLoader:240 - Cannot read IP mode file for emotas.I-CUBE-CANOPEN.1.3.0
2025-04-17 19:13:27,042 [WARN] ConditionMgr:438 - getConditionDescription Invalid condition id : Cortex-A Device cause : null
2025-04-17 19:13:27,079 [WARN] ConditionMgr:1044 - genDependencies : Invalid condition id : Cortex-A Device cause : null
2025-04-17 19:13:27,079 [WARN] ConditionMgr:1044 - genDependencies : Invalid condition id : Cortex-A Device cause : null
2025-04-17 19:13:27,080 [WARN] ConditionMgr:1044 - genDependencies : Invalid condition id : Cortex-A Device cause : null
2025-04-17 19:13:27,098 [WARN] PackLoader:240 - Cannot read IP mode file for STMicroelectronics.X-CUBE-AI.10.0.0
2025-04-17 19:13:27,110 [WARN] PackLoader:240 - Cannot read IP mode file for STMicroelectronics.FP-SNS-SMARTAG2.1.2.0
2025-04-17 19:13:27,120 [WARN] PackLoader:240 - Cannot read IP mode file for STMicroelectronics.FP-SNS-FLIGHT1.5.1.0
2025-04-17 19:13:27,354 [WARN] PackLoader:240 - Cannot read IP mode file for STMicroelectronics.X-CUBE-MEMS1.11.1.0
2025-04-17 19:13:27,607 [INFO] LogOutputStream:77 - [STDOUT_REDIRECT] 1 : Invalid condition id : UX_CORESTACK_Condition cause : null
2025-04-17 19:13:27,609 [INFO] LogOutputStream:77 - [STDOUT_REDIRECT] 1 : Invalid condition id : UX_CORESTACK_Condition cause : null
2025-04-17 19:13:27,611 [INFO] LogOutputStream:77 - [STDOUT_REDIRECT] 1 : Invalid condition id : UX_CORESTACK_Condition cause : null
2025-04-17 19:13:27,612 [INFO] LogOutputStream:77 - [STDOUT_REDIRECT] 1 : Invalid condition id : UX_CORESTACK_Condition cause : null
2025-04-17 19:13:27,614 [INFO] WebApp:463 - Apply proxy settings
2025-04-17 19:13:27,614 [INFO] LogOutputStream:77 - [STDOUT_REDIRECT] 1 : Invalid condition id : UX_CORESTACK_Condition cause : null
2025-04-17 19:13:27,615 [INFO] WebApp:548 - Chromium requires no authentication
2025-04-17 19:13:27,619 [WARN] PackLoader:240 - Cannot read IP mode file for STMicroelectronics.X-CUBE-AZRTOS-WL.2.0.0
2025-04-17 19:13:27,631 [INFO] WebApp:491 - Direct internet connection detected
2025-04-17 19:13:27,633 [WARN] PackLoader:240 - Cannot read IP mode file for STMicroelectronics.FP-SNS-MOTENV1.5.0.0
2025-04-17 19:13:27,655 [WARN] PackLoader:240 - Cannot read IP mode file for WES.I-CUBE-Cesium.1.3.0
2025-04-17 19:13:27,673 [WARN] PackLoader:240 - Cannot read IP mode file for STMicroelectronics.X-CUBE-BLE2.3.3.0
2025-04-17 19:13:27,674 [INFO] WebApp:894 - Register for checkConnection events
2025-04-17 19:13:27,674 [INFO] WebApp:463 - Apply proxy settings
2025-04-17 19:13:27,674 [INFO] WebApp:548 - Chromium requires no authentication
2025-04-17 19:13:27,675 [INFO] WebApp:491 - Direct internet connection detected
2025-04-17 19:13:27,693 [WARN] PackLoader:240 - Cannot read IP mode file for STMicroelectronics.X-CUBE-NFC9.1.0.0
2025-04-17 19:13:27,715 [WARN] PackLoader:240 - Cannot read IP mode file for STMicroelectronics.X-CUBE-BLE1.7.1.0
2025-04-17 19:13:27,727 [WARN] PackLoader:240 - Cannot read IP mode file for wolfSSL.I-CUBE-wolfMQTT.1.19.2
2025-04-17 19:13:27,898 [WARN] PackLoader:240 - Cannot read IP mode file for STMicroelectronics.X-CUBE-MEMS1.11.2.0
2025-04-17 19:13:28,059 [WARN] PackLoader:240 - Cannot read IP mode file for STMicroelectronics.X-CUBE-AZRTOS-G0.1.1.0
2025-04-17 19:13:28,092 [WARN] PackLoader:240 - Cannot read IP mode file for STMicroelectronics.X-CUBE-SAFEA1.1.2.2
2025-04-17 19:13:28,107 [INFO] WebApp:225 - Starting web application
2025-04-17 19:13:28,108 [INFO] WebApp:593 - Web application path used C:\ST\STM32CubeIDE_1.18.0\STM32CubeIDE\plugins\com.st.stm32cube.common.mx_6.14.0.202502271554\db\plugins\mcufinder\reactClient1\index.html
2025-04-17 19:13:28,114 [WARN] PackLoader:240 - Cannot read IP mode file for STMicroelectronics.X-CUBE-NFC4.3.0.0
2025-04-17 19:13:28,134 [WARN] PackLoader:240 - Cannot read IP mode file for EmbeddedOffice.I-CUBE-FS-RTOS.1.0.1
2025-04-17 19:13:28,147 [WARN] PackLoader:240 - Cannot read IP mode file for wolfSSL.I-CUBE-wolfTPM.3.8.0
2025-04-17 19:13:28,161 [WARN] PackLoader:240 - Cannot read IP mode file for STMicroelectronics.X-CUBE-TCPP.4.2.0
2025-04-17 19:13:28,177 [WARN] PackLoader:240 - Cannot read IP mode file for RealThread.X-CUBE-RT-Thread_Nano.4.1.1
2025-04-17 19:13:28,189 [WARN] PackLoader:240 - Cannot read IP mode file for STMicroelectronics.FP-ATR-SIGFOX1.3.2.0
2025-04-17 19:13:28,217 [WARN] PackLoader:240 - Cannot read IP mode file for STMicroelectronics.X-CUBE-EEPRMA1.5.1.0
2025-04-17 19:13:28,231 [WARN] PackLoader:240 - Cannot read IP mode file for wolfSSL.I-CUBE-wolfSSL.5.7.6
2025-04-17 19:13:28,245 [WARN] PackLoader:240 - Cannot read IP mode file for ITTIA_DB.I-CUBE-ITTIADB.8.9.0
2025-04-17 19:13:28,297 [WARN] PackLoader:240 - Cannot read IP mode file for SEGGER.I-CUBE-embOS.1.3.1
2025-04-17 19:13:28,363 [WARN] PackLoader:240 - Cannot read IP mode file for STMicroelectronics.X-CUBE-ALGOBUILD.1.4.0
2025-04-17 19:13:28,396 [WARN] PackLoader:240 - Cannot read IP mode file for STMicroelectronics.X-CUBE-AZRTOS-F4.1.1.0
2025-04-17 19:13:28,414 [WARN] PackLoader:240 - Cannot read IP mode file for Avnet-IotConnect.X-CUBE-IoTC-DA16k-PMOD.1.0.0
2025-04-17 19:13:28,438 [WARN] PackLoader:240 - Cannot read IP mode file for STMicroelectronics.X-CUBE-ISPU.2.1.0
2025-04-17 19:13:28,440 [INFO] WebApp:191 - Connection restablished
2025-04-17 19:13:28,467 [WARN] PackLoader:240 - Cannot read IP mode file for STMicroelectronics.X-CUBE-AZRTOS-L5.2.0.0
2025-04-17 19:13:28,497 [WARN] PackLoader:240 - Cannot read IP mode file for STMicroelectronics.X-CUBE-NFC6.3.1.0
2025-04-17 19:13:28,511 [WARN] PackLoader:240 - Cannot read IP mode file for STMicroelectronics.X-CUBE-FREERTOS.1.3.0
2025-04-17 19:13:28,529 [WARN] PackLoader:240 - Cannot read IP mode file for STMicroelectronics.X-CUBE-NFC7.1.0.1
2025-04-17 19:13:28,541 [WARN] PackLoader:240 - Cannot read IP mode file for STMicroelectronics.X-CUBE-DPower.1.3.0
2025-04-17 19:13:28,570 [WARN] ConditionMgr:438 - getConditionDescription Invalid condition id : LAN8742 Phy interface Condition cause : null
2025-04-17 19:13:28,571 [WARN] PackLoader:240 - Cannot read IP mode file for STMicroelectronics.X-CUBE-AZRTOS-L4.2.0.0
2025-04-17 19:13:28,572 [WARN] ConditionMgr:1044 - genDependencies : Invalid condition id : LAN8742 Phy interface Condition cause : null
2025-04-17 19:13:28,573 [WARN] ConditionMgr:1044 - genDependencies : Invalid condition id : LAN8742 Phy interface Condition cause : null
2025-04-17 19:13:28,574 [WARN] ConditionMgr:1044 - genDependencies : Invalid condition id : LAN8742 Phy interface Condition cause : null
2025-04-17 19:13:28,605 [WARN] PackLoader:240 - Cannot read IP mode file for STMicroelectronics.X-CUBE-SFXS2LP1.4.0.0
2025-04-17 19:13:28,648 [WARN] PackLoader:240 - Cannot read IP mode file for STMicroelectronics.X-CUBE-AZRTOS-H7.3.3.0
2025-04-17 19:13:28,677 [WARN] ConditionMgr:438 - getConditionDescription Invalid condition id : UX DEVICE CLASS RTOS Condition cause : null
2025-04-17 19:13:28,677 [WARN] ConditionMgr:438 - getConditionDescription Invalid condition id : UX DEVICE CLASS RTOS Condition cause : null
2025-04-17 19:13:28,679 [WARN] PackLoader:240 - Cannot read IP mode file for STMicroelectronics.X-CUBE-AZRTOS-WB.2.0.0
2025-04-17 19:13:28,680 [WARN] ConditionMgr:1044 - genDependencies : Invalid condition id : UX DEVICE CLASS RTOS Condition cause : null
2025-04-17 19:13:28,680 [WARN] ConditionMgr:1044 - genDependencies : Invalid condition id : UX DEVICE CLASS RTOS Condition cause : null
2025-04-17 19:13:28,680 [WARN] ConditionMgr:1044 - genDependencies : Invalid condition id : UX DEVICE CLASS RTOS Condition cause : null
2025-04-17 19:13:28,680 [WARN] ConditionMgr:1044 - genDependencies : Invalid condition id : UX DEVICE CLASS RTOS Condition cause : null
2025-04-17 19:13:28,681 [WARN] ConditionMgr:1044 - genDependencies : Invalid condition id : UX DEVICE CLASS RTOS Condition cause : null
2025-04-17 19:13:28,707 [WARN] PackLoader:240 - Cannot read IP mode file for STMicroelectronics.X-CUBE-GNSS1.7.0.1
2025-04-17 19:13:28,729 [WARN] PackLoader:240 - Cannot read IP mode file for STMicroelectronics.X-CUBE-TOUCHGFX.4.25.0
2025-04-17 19:13:28,750 [WARN] PackLoader:240 - Cannot read IP mode file for STMicroelectronics.FP-SNS-STBOX1.2.0.0
2025-04-17 19:13:28,778 [WARN] PackLoader:240 - Cannot read IP mode file for STMicroelectronics.X-CUBE-SUBG2.5.0.0
2025-04-17 19:13:28,821 [WARN] PackLoader:240 - Cannot read IP mode file for STMicroelectronics.X-CUBE-AZRTOS-H7RS.1.1.0
2025-04-17 19:13:28,838 [WARN] PackLoader:240 - Cannot read IP mode file for Cesanta.I-CUBE-Mongoose.7.13.0
2025-04-17 19:13:28,863 [WARN] PackLoader:240 - Cannot read IP mode file for STMicroelectronics.X-CUBE-AZRTOS-G4.2.0.0
2025-04-17 19:13:28,878 [WARN] PackLoader:240 - Cannot read IP mode file for wolfSSL.I-CUBE-wolfSSH.1.4.20
2025-04-17 19:13:28,912 [WARN] PackLoader:240 - Cannot read IP mode file for STMicroelectronics.X-CUBE-IPS.3.1.0
2025-04-17 19:13:28,935 [WARN] PackLoader:240 - Cannot read IP mode file for STMicroelectronics.X-CUBE-ALS.1.0.2
2025-04-17 19:13:28,949 [WARN] PackLoader:240 - Cannot read IP mode file for portGmbH.I-Cube-SoM-uGOAL.1.1.0
2025-04-17 19:13:28,971 [WARN] PackLoader:240 - Cannot read IP mode file for STMicroelectronics.X-CUBE-TOF1.3.4.2
2025-04-17 19:13:29,004 [WARN] PackLoader:240 - Cannot read IP mode file for STMicroelectronics.X-CUBE-TOF1.3.4.3
2025-04-17 19:13:29,020 [INFO] ThirdParty:978 - Integrity check success = true
2025-04-17 19:13:29,020 [INFO] IntegrityCheckThread:100 - exiting critical section [integrity check]
2025-04-17 19:13:29,020 [INFO] IntegrityCheckThread:103 - End integrity checks thread
2025-04-17 19:14:18,042 [ERROR] LogOutputStream:75 - [STDERR_REDIRECT] 
2025-04-17 19:14:18,044 [ERROR] LogOutputStream:75 - [STDERR_REDIRECT] 
